{
  "stats": {
    "suites": 1,
    "tests": 10,
    "passes": 10,
    "pending": 0,
    "failures": 0,
    "start": "2024-09-17T17:43:02.331Z",
    "end": "2024-09-17T17:43:18.189Z",
    "duration": 15858,
    "testsRegistered": 10,
    "passPercent": 100,
    "pendingPercent": 0,
    "other": 0,
    "hasOther": false,
    "skipped": 0,
    "hasSkipped": false
  },
  "results": [
    {
      "uuid": "b8288309-ecfc-42d2-bb02-12a9087f0e9a",
      "title": "",
      "fullFile": "cypress\\e2e\\CAC-TAT.spec.js",
      "file": "cypress\\e2e\\CAC-TAT.spec.js",
      "beforeHooks": [],
      "afterHooks": [],
      "tests": [],
      "suites": [
        {
          "uuid": "6523985a-bd71-4495-951a-9149d6d8ca3f",
          "title": "Central de Atendimento ao Cliente TAT",
          "fullFile": "",
          "file": "",
          "beforeHooks": [],
          "afterHooks": [],
          "tests": [
            {
              "title": "verifica o título da aplicação",
              "fullTitle": "Central de Atendimento ao Cliente TAT verifica o título da aplicação",
              "timedOut": null,
              "duration": 1647,
              "state": "passed",
              "speed": "fast",
              "pass": true,
              "fail": false,
              "pending": false,
              "context": null,
              "code": "cy.title().should('be.equal', 'Central de Atendimento ao Cliente TAT');",
              "err": {},
              "uuid": "9e02636d-5594-49db-92f8-5cd13c210017",
              "parentUUID": "6523985a-bd71-4495-951a-9149d6d8ca3f",
              "isHook": false,
              "skipped": false
            },
            {
              "title": "Preenche os campos obrigatórios",
              "fullTitle": "Central de Atendimento ao Cliente TAT Preenche os campos obrigatórios",
              "timedOut": null,
              "duration": 1738,
              "state": "passed",
              "speed": "fast",
              "pass": true,
              "fail": false,
              "pending": false,
              "context": null,
              "code": "const longtext = 'testes automatizados testes automatizados testes automatizados testes automatizados testes automatizados';\ncy.get('#firstName').type('Tales').get('#lastName').type('Henrique').get('#email').type('taleshenriquelima@gmail.com').get('#phone').type('19982754555').get('#open-text-area').type(longtext, {\n  delay: 0\n}).get('botton,[type=\"submit\"]').click().get('.success').should('be.visible');",
              "err": {},
              "uuid": "15db4034-f939-4c17-b63b-5a45d82c01dc",
              "parentUUID": "6523985a-bd71-4495-951a-9149d6d8ca3f",
              "isHook": false,
              "skipped": false
            },
            {
              "title": "Preenche os campos obrigatórios TESTE NEGATIVO",
              "fullTitle": "Central de Atendimento ao Cliente TAT Preenche os campos obrigatórios TESTE NEGATIVO",
              "timedOut": null,
              "duration": 2512,
              "state": "passed",
              "speed": "fast",
              "pass": true,
              "fail": false,
              "pending": false,
              "context": null,
              "code": "cy.get('#firstName').type('Tales').get('#lastName').type('Henrique').get('#email').type('taleshenriquelima_gmail.con').get('#phone').type('19982754555').get('#open-text-area').type('teste 03').get('botton,[type=\"submit\"]').click().get('.error').should('be.visible').get('body').screenshot({\n  capture: 'runner'\n});",
              "err": {},
              "uuid": "3e7bb781-6b47-4fe4-addb-723050164043",
              "parentUUID": "6523985a-bd71-4495-951a-9149d6d8ca3f",
              "isHook": false,
              "skipped": false
            },
            {
              "title": "Validar Campo de telefone numerico",
              "fullTitle": "Central de Atendimento ao Cliente TAT Validar Campo de telefone numerico",
              "timedOut": null,
              "duration": 604,
              "state": "passed",
              "speed": "fast",
              "pass": true,
              "fail": false,
              "pending": false,
              "context": null,
              "code": "cy.get('#phone').type('testenumero').should('have.value', \"\");",
              "err": {},
              "uuid": "f0ec7034-8cb8-4901-b59b-18899de2a060",
              "parentUUID": "6523985a-bd71-4495-951a-9149d6d8ca3f",
              "isHook": false,
              "skipped": false
            },
            {
              "title": "exibe mensagem de erro quando o telefone se torna obrigatório",
              "fullTitle": "Central de Atendimento ao Cliente TAT exibe mensagem de erro quando o telefone se torna obrigatório",
              "timedOut": null,
              "duration": 1586,
              "state": "passed",
              "speed": "fast",
              "pass": true,
              "fail": false,
              "pending": false,
              "context": null,
              "code": "cy.get('#firstName').type('Tales').get('#lastName').type('Henrique').get('#email').type('taleshenriquelima@gmail.con').get('#phone-checkbox').check().get('#open-text-area').type('teste 03').get('botton,[type=\"submit\"]').click().get('.error').should('be.visible');",
              "err": {},
              "uuid": "ea9ef92a-1648-4a75-bf4f-08470d105494",
              "parentUUID": "6523985a-bd71-4495-951a-9149d6d8ca3f",
              "isHook": false,
              "skipped": false
            },
            {
              "title": "envia o formuário com sucesso usando um comando customizado",
              "fullTitle": "Central de Atendimento ao Cliente TAT envia o formuário com sucesso usando um comando customizado",
              "timedOut": null,
              "duration": 2034,
              "state": "passed",
              "speed": "fast",
              "pass": true,
              "fail": false,
              "pending": false,
              "context": null,
              "code": "cy.fillMandatoryFieldsAndSubmit().get('.success').should('be.visible');",
              "err": {},
              "uuid": "d7082754-f2df-4c3a-bbef-05f25e82792c",
              "parentUUID": "6523985a-bd71-4495-951a-9149d6d8ca3f",
              "isHook": false,
              "skipped": false
            },
            {
              "title": "seleciona um produto (blog) por seu texto",
              "fullTitle": "Central de Atendimento ao Cliente TAT seleciona um produto (blog) por seu texto",
              "timedOut": null,
              "duration": 608,
              "state": "passed",
              "speed": "fast",
              "pass": true,
              "fail": false,
              "pending": false,
              "context": null,
              "code": "cy.get('select').select('blog').should('have.value', 'blog').get('select').select('cursos').should('have.value', 'cursos');",
              "err": {},
              "uuid": "2bdd7e08-f4ad-4860-9e62-b3b6664cc446",
              "parentUUID": "6523985a-bd71-4495-951a-9149d6d8ca3f",
              "isHook": false,
              "skipped": false
            },
            {
              "title": "Marca o tipo de atendimento \"Feedback",
              "fullTitle": "Central de Atendimento ao Cliente TAT Marca o tipo de atendimento \"Feedback",
              "timedOut": null,
              "duration": 405,
              "state": "passed",
              "speed": "fast",
              "pass": true,
              "fail": false,
              "pending": false,
              "context": null,
              "code": "cy.get('[type=\"radio\"][value=\"feedback\"]').check().should('have.value', 'feedback');",
              "err": {},
              "uuid": "cb7f685e-07ae-4936-b3cd-cedb15a78611",
              "parentUUID": "6523985a-bd71-4495-951a-9149d6d8ca3f",
              "isHook": false,
              "skipped": false
            },
            {
              "title": "seleciona um arquivo da pasta fixtures",
              "fullTitle": "Central de Atendimento ao Cliente TAT seleciona um arquivo da pasta fixtures",
              "timedOut": null,
              "duration": 442,
              "state": "passed",
              "speed": "fast",
              "pass": true,
              "fail": false,
              "pending": false,
              "context": null,
              "code": "cy.get('input[type=\"file\"]').should('not.have.value').selectFile('./cypress/fixtures/example.json')\n//.should(function($input) {\n//expect($input[0].files[0].name).to.equal('example.json')\n.get('botton,[type=\"submit\"]').click().get('.error').should('be.visible');\n//})",
              "err": {},
              "uuid": "91ca8931-a6eb-4a25-91bf-e72c9c84774d",
              "parentUUID": "6523985a-bd71-4495-951a-9149d6d8ca3f",
              "isHook": false,
              "skipped": false
            },
            {
              "title": "verifica que a política de privacidade abre em outra aba sem a necessidade de um clique",
              "fullTitle": "Central de Atendimento ao Cliente TAT verifica que a política de privacidade abre em outra aba sem a necessidade de um clique",
              "timedOut": null,
              "duration": 710,
              "state": "passed",
              "speed": "fast",
              "pass": true,
              "fail": false,
              "pending": false,
              "context": null,
              "code": "cy.get('#privacy').get('#privacy a').should('have.attr', 'target', '_blank').get('#privacy a').invoke('removeAttr', 'target').click().title().should('be.equal', 'Central de Atendimento ao Cliente TAT - Política de privacidade');\n//.screenshot()\n//.get('#title')\ncy.contains('CAC TAT - Política de privacidade').should('be.visible');",
              "err": {},
              "uuid": "0299d8f0-a6a6-4207-a93a-0d504148f756",
              "parentUUID": "6523985a-bd71-4495-951a-9149d6d8ca3f",
              "isHook": false,
              "skipped": false
            }
          ],
          "suites": [],
          "passes": [
            "9e02636d-5594-49db-92f8-5cd13c210017",
            "15db4034-f939-4c17-b63b-5a45d82c01dc",
            "3e7bb781-6b47-4fe4-addb-723050164043",
            "f0ec7034-8cb8-4901-b59b-18899de2a060",
            "ea9ef92a-1648-4a75-bf4f-08470d105494",
            "d7082754-f2df-4c3a-bbef-05f25e82792c",
            "2bdd7e08-f4ad-4860-9e62-b3b6664cc446",
            "cb7f685e-07ae-4936-b3cd-cedb15a78611",
            "91ca8931-a6eb-4a25-91bf-e72c9c84774d",
            "0299d8f0-a6a6-4207-a93a-0d504148f756"
          ],
          "failures": [],
          "pending": [],
          "skipped": [],
          "duration": 12286,
          "root": false,
          "rootEmpty": false,
          "_timeout": 2000
        }
      ],
      "passes": [],
      "failures": [],
      "pending": [],
      "skipped": [],
      "duration": 0,
      "root": true,
      "rootEmpty": true,
      "_timeout": 2000
    }
  ],
  "meta": {
    "mocha": {
      "version": "7.0.1"
    },
    "mochawesome": {
      "options": {
        "quiet": true,
        "reportFilename": "mochawesome",
        "saveHtml": false,
        "saveJson": true,
        "consoleReporter": "spec",
        "useInlineDiffs": false,
        "code": true
      },
      "version": "7.1.3"
    },
    "marge": {
      "options": {
        "id": "default",
        "reportDir": "mochawesome-report",
        "quiet": true,
        "overwrite": false,
        "html": false,
        "json": true
      },
      "version": "6.2.0"
    }
  }
}