{
  "stats": {
    "suites": 1,
    "tests": 10,
    "passes": 10,
    "pending": 0,
    "failures": 0,
    "start": "2024-09-17T17:20:52.481Z",
    "end": "2024-09-17T17:21:17.451Z",
    "duration": 24970,
    "testsRegistered": 10,
    "passPercent": 100,
    "pendingPercent": 0,
    "other": 0,
    "hasOther": false,
    "skipped": 0,
    "hasSkipped": false
  },
  "results": [
    {
      "uuid": "b565bc83-3a87-48be-bb9f-3fac19bf4820",
      "title": "",
      "fullFile": "cypress\\e2e\\CAC-TAT.spec.js",
      "file": "cypress\\e2e\\CAC-TAT.spec.js",
      "beforeHooks": [],
      "afterHooks": [],
      "tests": [],
      "suites": [
        {
          "uuid": "d93991a1-45fd-46f4-abea-6d9006aedc61",
          "title": "Central de Atendimento ao Cliente TAT",
          "fullFile": "",
          "file": "",
          "beforeHooks": [],
          "afterHooks": [],
          "tests": [
            {
              "title": "verifica o título da aplicação",
              "fullTitle": "Central de Atendimento ao Cliente TAT verifica o título da aplicação",
              "timedOut": null,
              "duration": 1962,
              "state": "passed",
              "speed": "fast",
              "pass": true,
              "fail": false,
              "pending": false,
              "context": null,
              "code": "cy.title().should('be.equal', 'Central de Atendimento ao Cliente TAT');",
              "err": {},
              "uuid": "b5d91bc2-658d-4cd8-a082-ded893d24eca",
              "parentUUID": "d93991a1-45fd-46f4-abea-6d9006aedc61",
              "isHook": false,
              "skipped": false
            },
            {
              "title": "Preenche os campos obrigatórios",
              "fullTitle": "Central de Atendimento ao Cliente TAT Preenche os campos obrigatórios",
              "timedOut": null,
              "duration": 1736,
              "state": "passed",
              "speed": "fast",
              "pass": true,
              "fail": false,
              "pending": false,
              "context": null,
              "code": "const longtext = 'testes automatizados testes automatizados testes automatizados testes automatizados testes automatizados';\ncy.get('#firstName').type('Tales').get('#lastName').type('Henrique').get('#email').type('taleshenriquelima@gmail.com').get('#phone').type('19982754555').get('#open-text-area').type(longtext, {\n  delay: 0\n}).get('botton,[type=\"submit\"]').click().get('.success').should('be.visible');",
              "err": {},
              "uuid": "4bcd001c-e6bf-4b8c-970b-5fb1b8aad512",
              "parentUUID": "d93991a1-45fd-46f4-abea-6d9006aedc61",
              "isHook": false,
              "skipped": false
            },
            {
              "title": "Preenche os campos obrigatórios TESTE NEGATIVO",
              "fullTitle": "Central de Atendimento ao Cliente TAT Preenche os campos obrigatórios TESTE NEGATIVO",
              "timedOut": null,
              "duration": 2431,
              "state": "passed",
              "speed": "fast",
              "pass": true,
              "fail": false,
              "pending": false,
              "context": null,
              "code": "cy.get('#firstName').type('Tales').get('#lastName').type('Henrique').get('#email').type('taleshenriquelima_gmail.con').get('#phone').type('19982754555').get('#open-text-area').type('teste 03').get('botton,[type=\"submit\"]').click().get('.error').should('be.visible').get('body').screenshot({\n  capture: 'runner'\n});",
              "err": {},
              "uuid": "d1027010-c17d-4321-895b-c3061a9db0ef",
              "parentUUID": "d93991a1-45fd-46f4-abea-6d9006aedc61",
              "isHook": false,
              "skipped": false
            },
            {
              "title": "Validar Campo de telefone numerico",
              "fullTitle": "Central de Atendimento ao Cliente TAT Validar Campo de telefone numerico",
              "timedOut": null,
              "duration": 587,
              "state": "passed",
              "speed": "fast",
              "pass": true,
              "fail": false,
              "pending": false,
              "context": null,
              "code": "cy.get('#phone').type('testenumero').should('have.value', \"\");",
              "err": {},
              "uuid": "6ee55809-789b-4a71-9495-c21536604d25",
              "parentUUID": "d93991a1-45fd-46f4-abea-6d9006aedc61",
              "isHook": false,
              "skipped": false
            },
            {
              "title": "exibe mensagem de erro quando o telefone se torna obrigatório",
              "fullTitle": "Central de Atendimento ao Cliente TAT exibe mensagem de erro quando o telefone se torna obrigatório",
              "timedOut": null,
              "duration": 1594,
              "state": "passed",
              "speed": "fast",
              "pass": true,
              "fail": false,
              "pending": false,
              "context": null,
              "code": "cy.get('#firstName').type('Tales').get('#lastName').type('Henrique').get('#email').type('taleshenriquelima@gmail.con').get('#phone-checkbox').check().get('#open-text-area').type('teste 03').get('botton,[type=\"submit\"]').click().get('.error').should('be.visible');",
              "err": {},
              "uuid": "dc2b1753-336d-4648-b229-b27c451490de",
              "parentUUID": "d93991a1-45fd-46f4-abea-6d9006aedc61",
              "isHook": false,
              "skipped": false
            },
            {
              "title": "envia o formuário com sucesso usando um comando customizado",
              "fullTitle": "Central de Atendimento ao Cliente TAT envia o formuário com sucesso usando um comando customizado",
              "timedOut": null,
              "duration": 2457,
              "state": "passed",
              "speed": "fast",
              "pass": true,
              "fail": false,
              "pending": false,
              "context": null,
              "code": "cy.fillMandatoryFieldsAndSubmit().get('.success').should('be.visible');",
              "err": {},
              "uuid": "f2d0bb1e-4d2d-462f-87c5-e62136f90bdc",
              "parentUUID": "d93991a1-45fd-46f4-abea-6d9006aedc61",
              "isHook": false,
              "skipped": false
            },
            {
              "title": "seleciona um produto (blog) por seu texto",
              "fullTitle": "Central de Atendimento ao Cliente TAT seleciona um produto (blog) por seu texto",
              "timedOut": null,
              "duration": 592,
              "state": "passed",
              "speed": "fast",
              "pass": true,
              "fail": false,
              "pending": false,
              "context": null,
              "code": "cy.get('select').select('blog').should('have.value', 'blog').get('select').select('cursos').should('have.value', 'cursos');",
              "err": {},
              "uuid": "f1a2bb63-34a0-4a57-9a6f-1250903bcc27",
              "parentUUID": "d93991a1-45fd-46f4-abea-6d9006aedc61",
              "isHook": false,
              "skipped": false
            },
            {
              "title": "Marca o tipo de atendimento \"Feedback",
              "fullTitle": "Central de Atendimento ao Cliente TAT Marca o tipo de atendimento \"Feedback",
              "timedOut": null,
              "duration": 407,
              "state": "passed",
              "speed": "fast",
              "pass": true,
              "fail": false,
              "pending": false,
              "context": null,
              "code": "cy.get('[type=\"radio\"][value=\"feedback\"]').check().should('have.value', 'feedback');",
              "err": {},
              "uuid": "57f2cd53-5579-4d9a-81fa-1bbf34500f66",
              "parentUUID": "d93991a1-45fd-46f4-abea-6d9006aedc61",
              "isHook": false,
              "skipped": false
            },
            {
              "title": "seleciona um arquivo da pasta fixtures",
              "fullTitle": "Central de Atendimento ao Cliente TAT seleciona um arquivo da pasta fixtures",
              "timedOut": null,
              "duration": 459,
              "state": "passed",
              "speed": "fast",
              "pass": true,
              "fail": false,
              "pending": false,
              "context": null,
              "code": "cy.get('input[type=\"file\"]').should('not.have.value').selectFile('./cypress/fixtures/example.json')\n//.should(function($input) {\n//expect($input[0].files[0].name).to.equal('example.json')\n.get('botton,[type=\"submit\"]').click().get('.error').should('be.visible');\n//})",
              "err": {},
              "uuid": "47763519-ab08-433e-a799-9d6646c5204d",
              "parentUUID": "d93991a1-45fd-46f4-abea-6d9006aedc61",
              "isHook": false,
              "skipped": false
            },
            {
              "title": "verifica que a política de privacidade abre em outra aba sem a necessidade de um clique",
              "fullTitle": "Central de Atendimento ao Cliente TAT verifica que a política de privacidade abre em outra aba sem a necessidade de um clique",
              "timedOut": null,
              "duration": 699,
              "state": "passed",
              "speed": "fast",
              "pass": true,
              "fail": false,
              "pending": false,
              "context": null,
              "code": "cy.get('#privacy').get('#privacy a').should('have.attr', 'target', '_blank').get('#privacy a').invoke('removeAttr', 'target').click().title().should('be.equal', 'Central de Atendimento ao Cliente TAT - Política de privacidade');\n//.screenshot()\n//.get('#title')\ncy.contains('CAC TAT - Política de privacidade').should('be.visible');",
              "err": {},
              "uuid": "042fb59a-ad1e-4fbe-a1d9-559d8b608295",
              "parentUUID": "d93991a1-45fd-46f4-abea-6d9006aedc61",
              "isHook": false,
              "skipped": false
            }
          ],
          "suites": [],
          "passes": [
            "b5d91bc2-658d-4cd8-a082-ded893d24eca",
            "4bcd001c-e6bf-4b8c-970b-5fb1b8aad512",
            "d1027010-c17d-4321-895b-c3061a9db0ef",
            "6ee55809-789b-4a71-9495-c21536604d25",
            "dc2b1753-336d-4648-b229-b27c451490de",
            "f2d0bb1e-4d2d-462f-87c5-e62136f90bdc",
            "f1a2bb63-34a0-4a57-9a6f-1250903bcc27",
            "57f2cd53-5579-4d9a-81fa-1bbf34500f66",
            "47763519-ab08-433e-a799-9d6646c5204d",
            "042fb59a-ad1e-4fbe-a1d9-559d8b608295"
          ],
          "failures": [],
          "pending": [],
          "skipped": [],
          "duration": 12924,
          "root": false,
          "rootEmpty": false,
          "_timeout": 2000
        }
      ],
      "passes": [],
      "failures": [],
      "pending": [],
      "skipped": [],
      "duration": 0,
      "root": true,
      "rootEmpty": true,
      "_timeout": 2000
    }
  ],
  "meta": {
    "mocha": {
      "version": "7.0.1"
    },
    "mochawesome": {
      "options": {
        "quiet": true,
        "reportFilename": "mochawesome",
        "saveHtml": false,
        "saveJson": true,
        "consoleReporter": "spec",
        "useInlineDiffs": false,
        "code": true
      },
      "version": "7.1.3"
    },
    "marge": {
      "options": {
        "id": "default",
        "reportDir": "mochawesome-report",
        "quiet": true,
        "overwrite": false,
        "html": false,
        "json": true
      },
      "version": "6.2.0"
    }
  }
}