{
  "stats": {
    "suites": 1,
    "tests": 10,
    "passes": 10,
    "pending": 0,
    "failures": 0,
    "start": "2024-09-17T16:28:03.245Z",
    "end": "2024-09-17T16:28:19.118Z",
    "duration": 15873,
    "testsRegistered": 10,
    "passPercent": 100,
    "pendingPercent": 0,
    "other": 0,
    "hasOther": false,
    "skipped": 0,
    "hasSkipped": false
  },
  "results": [
    {
      "uuid": "dfc1347b-9999-426c-840f-76f049e90c84",
      "title": "",
      "fullFile": "cypress\\e2e\\CAC-TAT.spec.js",
      "file": "cypress\\e2e\\CAC-TAT.spec.js",
      "beforeHooks": [],
      "afterHooks": [],
      "tests": [],
      "suites": [
        {
          "uuid": "6c5f49ef-101c-412c-aa79-755d419299a5",
          "title": "Central de Atendimento ao Cliente TAT",
          "fullFile": "",
          "file": "",
          "beforeHooks": [],
          "afterHooks": [],
          "tests": [
            {
              "title": "verifica o título da aplicação",
              "fullTitle": "Central de Atendimento ao Cliente TAT verifica o título da aplicação",
              "timedOut": null,
              "duration": 1474,
              "state": "passed",
              "speed": "fast",
              "pass": true,
              "fail": false,
              "pending": false,
              "context": null,
              "code": "cy.title().should('be.equal', 'Central de Atendimento ao Cliente TAT');",
              "err": {},
              "uuid": "f507c6f5-86af-475d-a6a8-6839c51a6edf",
              "parentUUID": "6c5f49ef-101c-412c-aa79-755d419299a5",
              "isHook": false,
              "skipped": false
            },
            {
              "title": "Preenche os campos obrigatórios",
              "fullTitle": "Central de Atendimento ao Cliente TAT Preenche os campos obrigatórios",
              "timedOut": null,
              "duration": 1800,
              "state": "passed",
              "speed": "fast",
              "pass": true,
              "fail": false,
              "pending": false,
              "context": null,
              "code": "const longtext = 'testes automatizados testes automatizados testes automatizados testes automatizados testes automatizados';\ncy.get('#firstName').type('Tales').get('#lastName').type('Henrique').get('#email').type('taleshenriquelima@gmail.com').get('#phone').type('19982754555').get('#open-text-area').type(longtext, {\n  delay: 0\n}).get('botton,[type=\"submit\"]').click().get('.success').should('be.visible');",
              "err": {},
              "uuid": "4abaeda2-16a0-4a53-bf18-3ce405411abb",
              "parentUUID": "6c5f49ef-101c-412c-aa79-755d419299a5",
              "isHook": false,
              "skipped": false
            },
            {
              "title": "Preenche os campos obrigatórios TESTE NEGATIVO",
              "fullTitle": "Central de Atendimento ao Cliente TAT Preenche os campos obrigatórios TESTE NEGATIVO",
              "timedOut": null,
              "duration": 2487,
              "state": "passed",
              "speed": "fast",
              "pass": true,
              "fail": false,
              "pending": false,
              "context": null,
              "code": "cy.get('#firstName').type('Tales').get('#lastName').type('Henrique').get('#email').type('taleshenriquelima_gmail.con').get('#phone').type('19982754555').get('#open-text-area').type('teste 03').get('botton,[type=\"submit\"]').click().get('.error').should('be.visible').get('body').screenshot({\n  capture: 'runner'\n});",
              "err": {},
              "uuid": "9614d769-3852-4bed-98de-94c1efeac3a3",
              "parentUUID": "6c5f49ef-101c-412c-aa79-755d419299a5",
              "isHook": false,
              "skipped": false
            },
            {
              "title": "Validar Campo de telefone numerico",
              "fullTitle": "Central de Atendimento ao Cliente TAT Validar Campo de telefone numerico",
              "timedOut": null,
              "duration": 601,
              "state": "passed",
              "speed": "fast",
              "pass": true,
              "fail": false,
              "pending": false,
              "context": null,
              "code": "cy.get('#phone').type('testenumero').should('have.value', \"\");",
              "err": {},
              "uuid": "1d78e8bb-588f-4eca-9833-61e1ad4f6741",
              "parentUUID": "6c5f49ef-101c-412c-aa79-755d419299a5",
              "isHook": false,
              "skipped": false
            },
            {
              "title": "exibe mensagem de erro quando o telefone se torna obrigatório",
              "fullTitle": "Central de Atendimento ao Cliente TAT exibe mensagem de erro quando o telefone se torna obrigatório",
              "timedOut": null,
              "duration": 1593,
              "state": "passed",
              "speed": "fast",
              "pass": true,
              "fail": false,
              "pending": false,
              "context": null,
              "code": "cy.get('#firstName').type('Tales').get('#lastName').type('Henrique').get('#email').type('taleshenriquelima@gmail.con').get('#phone-checkbox').check().get('#open-text-area').type('teste 03').get('botton,[type=\"submit\"]').click().get('.error').should('be.visible');",
              "err": {},
              "uuid": "a21ce500-50d4-4dd1-a7ef-c4cd814dc09b",
              "parentUUID": "6c5f49ef-101c-412c-aa79-755d419299a5",
              "isHook": false,
              "skipped": false
            },
            {
              "title": "envia o formuário com sucesso usando um comando customizado",
              "fullTitle": "Central de Atendimento ao Cliente TAT envia o formuário com sucesso usando um comando customizado",
              "timedOut": null,
              "duration": 2088,
              "state": "passed",
              "speed": "fast",
              "pass": true,
              "fail": false,
              "pending": false,
              "context": null,
              "code": "cy.fillMandatoryFieldsAndSubmit().get('.success').should('be.visible');",
              "err": {},
              "uuid": "717f1de4-3444-41fb-bbfb-a8c1e4b7c5ee",
              "parentUUID": "6c5f49ef-101c-412c-aa79-755d419299a5",
              "isHook": false,
              "skipped": false
            },
            {
              "title": "seleciona um produto (blog) por seu texto",
              "fullTitle": "Central de Atendimento ao Cliente TAT seleciona um produto (blog) por seu texto",
              "timedOut": null,
              "duration": 618,
              "state": "passed",
              "speed": "fast",
              "pass": true,
              "fail": false,
              "pending": false,
              "context": null,
              "code": "cy.get('select').select('blog').should('have.value', 'blog').get('select').select('cursos').should('have.value', 'cursos');",
              "err": {},
              "uuid": "fc1db606-b416-4b7a-83cf-937b87b9bb14",
              "parentUUID": "6c5f49ef-101c-412c-aa79-755d419299a5",
              "isHook": false,
              "skipped": false
            },
            {
              "title": "Marca o tipo de atendimento \"Feedback",
              "fullTitle": "Central de Atendimento ao Cliente TAT Marca o tipo de atendimento \"Feedback",
              "timedOut": null,
              "duration": 422,
              "state": "passed",
              "speed": "fast",
              "pass": true,
              "fail": false,
              "pending": false,
              "context": null,
              "code": "cy.get('[type=\"radio\"][value=\"feedback\"]').check().should('have.value', 'feedback');",
              "err": {},
              "uuid": "f574d903-319f-4a2c-a163-a2a0b248556d",
              "parentUUID": "6c5f49ef-101c-412c-aa79-755d419299a5",
              "isHook": false,
              "skipped": false
            },
            {
              "title": "seleciona um arquivo da pasta fixtures",
              "fullTitle": "Central de Atendimento ao Cliente TAT seleciona um arquivo da pasta fixtures",
              "timedOut": null,
              "duration": 479,
              "state": "passed",
              "speed": "fast",
              "pass": true,
              "fail": false,
              "pending": false,
              "context": null,
              "code": "cy.get('input[type=\"file\"]').should('not.have.value').selectFile('./cypress/fixtures/example.json')\n//.should(function($input) {\n//expect($input[0].files[0].name).to.equal('example.json')\n.get('botton,[type=\"submit\"]').click().get('.error').should('be.visible');\n//})",
              "err": {},
              "uuid": "ee73b23c-dd91-4ae9-a2e7-17f0ad82fbec",
              "parentUUID": "6c5f49ef-101c-412c-aa79-755d419299a5",
              "isHook": false,
              "skipped": false
            },
            {
              "title": "verifica que a política de privacidade abre em outra aba sem a necessidade de um clique",
              "fullTitle": "Central de Atendimento ao Cliente TAT verifica que a política de privacidade abre em outra aba sem a necessidade de um clique",
              "timedOut": null,
              "duration": 737,
              "state": "passed",
              "speed": "fast",
              "pass": true,
              "fail": false,
              "pending": false,
              "context": null,
              "code": "cy.get('#privacy').get('#privacy a').should('have.attr', 'target', '_blank').get('#privacy a').invoke('removeAttr', 'target').click().title().should('be.equal', 'Central de Atendimento ao Cliente TAT - Política de privacidade');\n//.screenshot()\n//.get('#title')\ncy.contains('CAC TAT - Política de privacidade').should('be.visible');",
              "err": {},
              "uuid": "e99d9307-67ef-482c-b32c-03eaa16a442f",
              "parentUUID": "6c5f49ef-101c-412c-aa79-755d419299a5",
              "isHook": false,
              "skipped": false
            }
          ],
          "suites": [],
          "passes": [
            "f507c6f5-86af-475d-a6a8-6839c51a6edf",
            "4abaeda2-16a0-4a53-bf18-3ce405411abb",
            "9614d769-3852-4bed-98de-94c1efeac3a3",
            "1d78e8bb-588f-4eca-9833-61e1ad4f6741",
            "a21ce500-50d4-4dd1-a7ef-c4cd814dc09b",
            "717f1de4-3444-41fb-bbfb-a8c1e4b7c5ee",
            "fc1db606-b416-4b7a-83cf-937b87b9bb14",
            "f574d903-319f-4a2c-a163-a2a0b248556d",
            "ee73b23c-dd91-4ae9-a2e7-17f0ad82fbec",
            "e99d9307-67ef-482c-b32c-03eaa16a442f"
          ],
          "failures": [],
          "pending": [],
          "skipped": [],
          "duration": 12299,
          "root": false,
          "rootEmpty": false,
          "_timeout": 2000
        }
      ],
      "passes": [],
      "failures": [],
      "pending": [],
      "skipped": [],
      "duration": 0,
      "root": true,
      "rootEmpty": true,
      "_timeout": 2000
    }
  ],
  "meta": {
    "mocha": {
      "version": "7.0.1"
    },
    "mochawesome": {
      "options": {
        "quiet": true,
        "reportFilename": "mochawesome",
        "saveHtml": false,
        "saveJson": true,
        "consoleReporter": "spec",
        "useInlineDiffs": false,
        "code": true
      },
      "version": "7.1.3"
    },
    "marge": {
      "options": {
        "id": "default",
        "reportDir": "mochawesome-report",
        "quiet": true,
        "overwrite": false,
        "html": false,
        "json": true
      },
      "version": "6.2.0"
    }
  }
}