{
  "stats": {
    "suites": 1,
    "tests": 1,
    "passes": 1,
    "pending": 0,
    "failures": 0,
    "start": "2024-09-17T17:43:20.873Z",
    "end": "2024-09-17T17:43:23.141Z",
    "duration": 2268,
    "testsRegistered": 1,
    "passPercent": 100,
    "pendingPercent": 0,
    "other": 0,
    "hasOther": false,
    "skipped": 0,
    "hasSkipped": false
  },
  "results": [
    {
      "uuid": "561dff8c-0a17-4fad-bdbf-5fa7a7362705",
      "title": "",
      "fullFile": "cypress\\e2e\\Privacy.spec.js",
      "file": "cypress\\e2e\\Privacy.spec.js",
      "beforeHooks": [],
      "afterHooks": [],
      "tests": [],
      "suites": [
        {
          "uuid": "5227acc2-290e-44cd-ac36-a3b4af7fec3a",
          "title": "Central de Atendimento ao Cliente TAT",
          "fullFile": "",
          "file": "",
          "beforeHooks": [],
          "afterHooks": [],
          "tests": [
            {
              "title": "verifica que a política de privacidade abre em outra aba sem a necessidade de um clique",
              "fullTitle": "Central de Atendimento ao Cliente TAT verifica que a política de privacidade abre em outra aba sem a necessidade de um clique",
              "timedOut": null,
              "duration": 709,
              "state": "passed",
              "speed": "fast",
              "pass": true,
              "fail": false,
              "pending": false,
              "context": null,
              "code": "cy.get('#white-background').contains('Talking About Testing').should('be.visible').title().should('be.equal', 'Central de Atendimento ao Cliente TAT - Política de privacidade');\n//.screenshot()\n//.get('#title')\ncy.contains('CAC TAT - Política de privacidade').should('be.visible');",
              "err": {},
              "uuid": "b4a581ef-bc89-4c48-bb1c-1d439f93ea15",
              "parentUUID": "5227acc2-290e-44cd-ac36-a3b4af7fec3a",
              "isHook": false,
              "skipped": false
            }
          ],
          "suites": [],
          "passes": [
            "b4a581ef-bc89-4c48-bb1c-1d439f93ea15"
          ],
          "failures": [],
          "pending": [],
          "skipped": [],
          "duration": 709,
          "root": false,
          "rootEmpty": false,
          "_timeout": 2000
        }
      ],
      "passes": [],
      "failures": [],
      "pending": [],
      "skipped": [],
      "duration": 0,
      "root": true,
      "rootEmpty": true,
      "_timeout": 2000
    }
  ],
  "meta": {
    "mocha": {
      "version": "7.0.1"
    },
    "mochawesome": {
      "options": {
        "quiet": true,
        "reportFilename": "mochawesome",
        "saveHtml": false,
        "saveJson": true,
        "consoleReporter": "spec",
        "useInlineDiffs": false,
        "code": true
      },
      "version": "7.1.3"
    },
    "marge": {
      "options": {
        "id": "default",
        "reportDir": "mochawesome-report",
        "quiet": true,
        "overwrite": false,
        "html": false,
        "json": true
      },
      "version": "6.2.0"
    }
  }
}