{
  "stats": {
    "suites": 1,
    "tests": 10,
    "passes": 10,
    "pending": 0,
    "failures": 0,
    "start": "2024-09-17T17:44:01.351Z",
    "end": "2024-09-17T17:44:17.114Z",
    "duration": 15763,
    "testsRegistered": 10,
    "passPercent": 100,
    "pendingPercent": 0,
    "other": 0,
    "hasOther": false,
    "skipped": 0,
    "hasSkipped": false
  },
  "results": [
    {
      "uuid": "46893033-02d6-4550-b3c8-10280c60a38e",
      "title": "",
      "fullFile": "cypress\\e2e\\CAC-TAT.spec.js",
      "file": "cypress\\e2e\\CAC-TAT.spec.js",
      "beforeHooks": [],
      "afterHooks": [],
      "tests": [],
      "suites": [
        {
          "uuid": "97ad944c-cb07-4fdb-821e-e67512b6fd94",
          "title": "Central de Atendimento ao Cliente TAT",
          "fullFile": "",
          "file": "",
          "beforeHooks": [],
          "afterHooks": [],
          "tests": [
            {
              "title": "verifica o título da aplicação",
              "fullTitle": "Central de Atendimento ao Cliente TAT verifica o título da aplicação",
              "timedOut": null,
              "duration": 1235,
              "state": "passed",
              "speed": "fast",
              "pass": true,
              "fail": false,
              "pending": false,
              "context": null,
              "code": "cy.title().should('be.equal', 'Central de Atendimento ao Cliente TAT');",
              "err": {},
              "uuid": "d7f86d48-702c-46e8-90f2-9fc88a4007a4",
              "parentUUID": "97ad944c-cb07-4fdb-821e-e67512b6fd94",
              "isHook": false,
              "skipped": false
            },
            {
              "title": "Preenche os campos obrigatórios",
              "fullTitle": "Central de Atendimento ao Cliente TAT Preenche os campos obrigatórios",
              "timedOut": null,
              "duration": 1769,
              "state": "passed",
              "speed": "fast",
              "pass": true,
              "fail": false,
              "pending": false,
              "context": null,
              "code": "const longtext = 'testes automatizados testes automatizados testes automatizados testes automatizados testes automatizados';\ncy.get('#firstName').type('Tales').get('#lastName').type('Henrique').get('#email').type('taleshenriquelima@gmail.com').get('#phone').type('19982754555').get('#open-text-area').type(longtext, {\n  delay: 0\n}).get('botton,[type=\"submit\"]').click().get('.success').should('be.visible');",
              "err": {},
              "uuid": "cd5f2a2b-bf10-4b01-8c67-d304c12f5ecc",
              "parentUUID": "97ad944c-cb07-4fdb-821e-e67512b6fd94",
              "isHook": false,
              "skipped": false
            },
            {
              "title": "Preenche os campos obrigatórios TESTE NEGATIVO",
              "fullTitle": "Central de Atendimento ao Cliente TAT Preenche os campos obrigatórios TESTE NEGATIVO",
              "timedOut": null,
              "duration": 2507,
              "state": "passed",
              "speed": "fast",
              "pass": true,
              "fail": false,
              "pending": false,
              "context": null,
              "code": "cy.get('#firstName').type('Tales').get('#lastName').type('Henrique').get('#email').type('taleshenriquelima_gmail.con').get('#phone').type('19982754555').get('#open-text-area').type('teste 03').get('botton,[type=\"submit\"]').click().get('.error').should('be.visible').get('body').screenshot({\n  capture: 'runner'\n});",
              "err": {},
              "uuid": "4949014f-bdae-46cc-9948-48043203dc21",
              "parentUUID": "97ad944c-cb07-4fdb-821e-e67512b6fd94",
              "isHook": false,
              "skipped": false
            },
            {
              "title": "Validar Campo de telefone numerico",
              "fullTitle": "Central de Atendimento ao Cliente TAT Validar Campo de telefone numerico",
              "timedOut": null,
              "duration": 599,
              "state": "passed",
              "speed": "fast",
              "pass": true,
              "fail": false,
              "pending": false,
              "context": null,
              "code": "cy.get('#phone').type('testenumero').should('have.value', \"\");",
              "err": {},
              "uuid": "c57bb1a2-68d9-49b1-8eec-c36a02be7520",
              "parentUUID": "97ad944c-cb07-4fdb-821e-e67512b6fd94",
              "isHook": false,
              "skipped": false
            },
            {
              "title": "exibe mensagem de erro quando o telefone se torna obrigatório",
              "fullTitle": "Central de Atendimento ao Cliente TAT exibe mensagem de erro quando o telefone se torna obrigatório",
              "timedOut": null,
              "duration": 1594,
              "state": "passed",
              "speed": "fast",
              "pass": true,
              "fail": false,
              "pending": false,
              "context": null,
              "code": "cy.get('#firstName').type('Tales').get('#lastName').type('Henrique').get('#email').type('taleshenriquelima@gmail.con').get('#phone-checkbox').check().get('#open-text-area').type('teste 03').get('botton,[type=\"submit\"]').click().get('.error').should('be.visible');",
              "err": {},
              "uuid": "77bc2674-3b3f-4e3a-a45d-4ea36836754c",
              "parentUUID": "97ad944c-cb07-4fdb-821e-e67512b6fd94",
              "isHook": false,
              "skipped": false
            },
            {
              "title": "envia o formuário com sucesso usando um comando customizado",
              "fullTitle": "Central de Atendimento ao Cliente TAT envia o formuário com sucesso usando um comando customizado",
              "timedOut": null,
              "duration": 2411,
              "state": "passed",
              "speed": "fast",
              "pass": true,
              "fail": false,
              "pending": false,
              "context": null,
              "code": "cy.fillMandatoryFieldsAndSubmit().get('.success').should('be.visible');",
              "err": {},
              "uuid": "61ee18a6-7718-40b3-be52-338df6c49d13",
              "parentUUID": "97ad944c-cb07-4fdb-821e-e67512b6fd94",
              "isHook": false,
              "skipped": false
            },
            {
              "title": "seleciona um produto (blog) por seu texto",
              "fullTitle": "Central de Atendimento ao Cliente TAT seleciona um produto (blog) por seu texto",
              "timedOut": null,
              "duration": 656,
              "state": "passed",
              "speed": "fast",
              "pass": true,
              "fail": false,
              "pending": false,
              "context": null,
              "code": "cy.get('select').select('blog').should('have.value', 'blog').get('select').select('cursos').should('have.value', 'cursos');",
              "err": {},
              "uuid": "a9cf1019-cabb-4f24-a676-de15ebcee69f",
              "parentUUID": "97ad944c-cb07-4fdb-821e-e67512b6fd94",
              "isHook": false,
              "skipped": false
            },
            {
              "title": "Marca o tipo de atendimento \"Feedback",
              "fullTitle": "Central de Atendimento ao Cliente TAT Marca o tipo de atendimento \"Feedback",
              "timedOut": null,
              "duration": 431,
              "state": "passed",
              "speed": "fast",
              "pass": true,
              "fail": false,
              "pending": false,
              "context": null,
              "code": "cy.get('[type=\"radio\"][value=\"feedback\"]').check().should('have.value', 'feedback');",
              "err": {},
              "uuid": "18ac1505-9ca9-439e-9ac5-c97d9bfbe0b8",
              "parentUUID": "97ad944c-cb07-4fdb-821e-e67512b6fd94",
              "isHook": false,
              "skipped": false
            },
            {
              "title": "seleciona um arquivo da pasta fixtures",
              "fullTitle": "Central de Atendimento ao Cliente TAT seleciona um arquivo da pasta fixtures",
              "timedOut": null,
              "duration": 475,
              "state": "passed",
              "speed": "fast",
              "pass": true,
              "fail": false,
              "pending": false,
              "context": null,
              "code": "cy.get('input[type=\"file\"]').should('not.have.value').selectFile('./cypress/fixtures/example.json')\n//.should(function($input) {\n//expect($input[0].files[0].name).to.equal('example.json')\n.get('botton,[type=\"submit\"]').click().get('.error').should('be.visible');\n//})",
              "err": {},
              "uuid": "426a732e-8d95-4ceb-a066-4dc86ae1c2f0",
              "parentUUID": "97ad944c-cb07-4fdb-821e-e67512b6fd94",
              "isHook": false,
              "skipped": false
            },
            {
              "title": "verifica que a política de privacidade abre em outra aba sem a necessidade de um clique",
              "fullTitle": "Central de Atendimento ao Cliente TAT verifica que a política de privacidade abre em outra aba sem a necessidade de um clique",
              "timedOut": null,
              "duration": 721,
              "state": "passed",
              "speed": "fast",
              "pass": true,
              "fail": false,
              "pending": false,
              "context": null,
              "code": "cy.get('#privacy').get('#privacy a').should('have.attr', 'target', '_blank').get('#privacy a').invoke('removeAttr', 'target').click().title().should('be.equal', 'Central de Atendimento ao Cliente TAT - Política de privacidade');\n//.screenshot()\n//.get('#title')\ncy.contains('CAC TAT - Política de privacidade').should('be.visible');",
              "err": {},
              "uuid": "f6baa549-1517-4ab1-b557-c756306ef92c",
              "parentUUID": "97ad944c-cb07-4fdb-821e-e67512b6fd94",
              "isHook": false,
              "skipped": false
            }
          ],
          "suites": [],
          "passes": [
            "d7f86d48-702c-46e8-90f2-9fc88a4007a4",
            "cd5f2a2b-bf10-4b01-8c67-d304c12f5ecc",
            "4949014f-bdae-46cc-9948-48043203dc21",
            "c57bb1a2-68d9-49b1-8eec-c36a02be7520",
            "77bc2674-3b3f-4e3a-a45d-4ea36836754c",
            "61ee18a6-7718-40b3-be52-338df6c49d13",
            "a9cf1019-cabb-4f24-a676-de15ebcee69f",
            "18ac1505-9ca9-439e-9ac5-c97d9bfbe0b8",
            "426a732e-8d95-4ceb-a066-4dc86ae1c2f0",
            "f6baa549-1517-4ab1-b557-c756306ef92c"
          ],
          "failures": [],
          "pending": [],
          "skipped": [],
          "duration": 12398,
          "root": false,
          "rootEmpty": false,
          "_timeout": 2000
        }
      ],
      "passes": [],
      "failures": [],
      "pending": [],
      "skipped": [],
      "duration": 0,
      "root": true,
      "rootEmpty": true,
      "_timeout": 2000
    }
  ],
  "meta": {
    "mocha": {
      "version": "7.0.1"
    },
    "mochawesome": {
      "options": {
        "quiet": true,
        "reportFilename": "mochawesome",
        "saveHtml": false,
        "saveJson": true,
        "consoleReporter": "spec",
        "useInlineDiffs": false,
        "code": true
      },
      "version": "7.1.3"
    },
    "marge": {
      "options": {
        "id": "default",
        "reportDir": "mochawesome-report",
        "quiet": true,
        "overwrite": false,
        "html": false,
        "json": true
      },
      "version": "6.2.0"
    }
  }
}