{
  "stats": {
    "suites": 1,
    "tests": 10,
    "passes": 10,
    "pending": 0,
    "failures": 0,
    "start": "2024-09-17T14:53:44.186Z",
    "end": "2024-09-17T14:53:59.316Z",
    "duration": 15130,
    "testsRegistered": 10,
    "passPercent": 100,
    "pendingPercent": 0,
    "other": 0,
    "hasOther": false,
    "skipped": 0,
    "hasSkipped": false
  },
  "results": [
    {
      "uuid": "5190a581-d890-428a-8098-325a108ca47c",
      "title": "",
      "fullFile": "cypress\\e2e\\CAC-TAT.spec.js",
      "file": "cypress\\e2e\\CAC-TAT.spec.js",
      "beforeHooks": [],
      "afterHooks": [],
      "tests": [],
      "suites": [
        {
          "uuid": "729b3d6e-d4a8-4d0d-b28b-a3ea2d559f57",
          "title": "Central de Atendimento ao Cliente TAT",
          "fullFile": "",
          "file": "",
          "beforeHooks": [],
          "afterHooks": [],
          "tests": [
            {
              "title": "verifica o título da aplicação",
              "fullTitle": "Central de Atendimento ao Cliente TAT verifica o título da aplicação",
              "timedOut": null,
              "duration": 1229,
              "state": "passed",
              "speed": "fast",
              "pass": true,
              "fail": false,
              "pending": false,
              "context": null,
              "code": "cy.title().should('be.equal', 'Central de Atendimento ao Cliente TAT');",
              "err": {},
              "uuid": "6900063c-56c1-44f9-b686-598255712fc0",
              "parentUUID": "729b3d6e-d4a8-4d0d-b28b-a3ea2d559f57",
              "isHook": false,
              "skipped": false
            },
            {
              "title": "Preenche os campos obrigatórios",
              "fullTitle": "Central de Atendimento ao Cliente TAT Preenche os campos obrigatórios",
              "timedOut": null,
              "duration": 1743,
              "state": "passed",
              "speed": "fast",
              "pass": true,
              "fail": false,
              "pending": false,
              "context": null,
              "code": "const longtext = 'testes automatizados testes automatizados testes automatizados testes automatizados testes automatizados';\ncy.get('#firstName').type('Tales').get('#lastName').type('Henrique').get('#email').type('taleshenriquelima@gmail.com').get('#phone').type('19982754555').get('#open-text-area').type(longtext, {\n  delay: 0\n}).get('botton,[type=\"submit\"]').click().get('.success').should('be.visible');",
              "err": {},
              "uuid": "49044efa-27ff-4c7f-9726-2c969946b848",
              "parentUUID": "729b3d6e-d4a8-4d0d-b28b-a3ea2d559f57",
              "isHook": false,
              "skipped": false
            },
            {
              "title": "Preenche os campos obrigatórios TESTE NEGATIVO",
              "fullTitle": "Central de Atendimento ao Cliente TAT Preenche os campos obrigatórios TESTE NEGATIVO",
              "timedOut": null,
              "duration": 2486,
              "state": "passed",
              "speed": "fast",
              "pass": true,
              "fail": false,
              "pending": false,
              "context": null,
              "code": "cy.get('#firstName').type('Tales').get('#lastName').type('Henrique').get('#email').type('taleshenriquelima_gmail.con').get('#phone').type('19982754555').get('#open-text-area').type('teste 03').get('botton,[type=\"submit\"]').click().get('.error').should('be.visible').get('body').screenshot({\n  capture: 'runner'\n});",
              "err": {},
              "uuid": "81d4e05c-5f60-4849-9523-fcd57d80f9ec",
              "parentUUID": "729b3d6e-d4a8-4d0d-b28b-a3ea2d559f57",
              "isHook": false,
              "skipped": false
            },
            {
              "title": "Validar Campo de telefone numerico",
              "fullTitle": "Central de Atendimento ao Cliente TAT Validar Campo de telefone numerico",
              "timedOut": null,
              "duration": 583,
              "state": "passed",
              "speed": "fast",
              "pass": true,
              "fail": false,
              "pending": false,
              "context": null,
              "code": "cy.get('#phone').type('testenumero').should('have.value', \"\");",
              "err": {},
              "uuid": "df53bfc0-2fc1-4309-879c-6243b0a55d9a",
              "parentUUID": "729b3d6e-d4a8-4d0d-b28b-a3ea2d559f57",
              "isHook": false,
              "skipped": false
            },
            {
              "title": "exibe mensagem de erro quando o telefone se torna obrigatório",
              "fullTitle": "Central de Atendimento ao Cliente TAT exibe mensagem de erro quando o telefone se torna obrigatório",
              "timedOut": null,
              "duration": 1594,
              "state": "passed",
              "speed": "fast",
              "pass": true,
              "fail": false,
              "pending": false,
              "context": null,
              "code": "cy.get('#firstName').type('Tales').get('#lastName').type('Henrique').get('#email').type('taleshenriquelima@gmail.con').get('#phone-checkbox').check().get('#open-text-area').type('teste 03').get('botton,[type=\"submit\"]').click().get('.error').should('be.visible');",
              "err": {},
              "uuid": "b1e9dc04-894f-4dae-bd69-fb3b92ba4ca8",
              "parentUUID": "729b3d6e-d4a8-4d0d-b28b-a3ea2d559f57",
              "isHook": false,
              "skipped": false
            },
            {
              "title": "envia o formuário com sucesso usando um comando customizado",
              "fullTitle": "Central de Atendimento ao Cliente TAT envia o formuário com sucesso usando um comando customizado",
              "timedOut": null,
              "duration": 1980,
              "state": "passed",
              "speed": "fast",
              "pass": true,
              "fail": false,
              "pending": false,
              "context": null,
              "code": "cy.fillMandatoryFieldsAndSubmit().get('.success').should('be.visible');",
              "err": {},
              "uuid": "27aeed4d-42af-45ce-95a6-a68a384df463",
              "parentUUID": "729b3d6e-d4a8-4d0d-b28b-a3ea2d559f57",
              "isHook": false,
              "skipped": false
            },
            {
              "title": "seleciona um produto (blog) por seu texto",
              "fullTitle": "Central de Atendimento ao Cliente TAT seleciona um produto (blog) por seu texto",
              "timedOut": null,
              "duration": 579,
              "state": "passed",
              "speed": "fast",
              "pass": true,
              "fail": false,
              "pending": false,
              "context": null,
              "code": "cy.get('select').select('blog').should('have.value', 'blog').get('select').select('cursos').should('have.value', 'cursos');",
              "err": {},
              "uuid": "e2627ce2-e23d-4974-9431-1cece684dc80",
              "parentUUID": "729b3d6e-d4a8-4d0d-b28b-a3ea2d559f57",
              "isHook": false,
              "skipped": false
            },
            {
              "title": "Marca o tipo de atendimento \"Feedback",
              "fullTitle": "Central de Atendimento ao Cliente TAT Marca o tipo de atendimento \"Feedback",
              "timedOut": null,
              "duration": 407,
              "state": "passed",
              "speed": "fast",
              "pass": true,
              "fail": false,
              "pending": false,
              "context": null,
              "code": "cy.get('[type=\"radio\"][value=\"feedback\"]').check().should('have.value', 'feedback');",
              "err": {},
              "uuid": "64c9b72c-b3b1-4e12-870e-ac44cb4ebd47",
              "parentUUID": "729b3d6e-d4a8-4d0d-b28b-a3ea2d559f57",
              "isHook": false,
              "skipped": false
            },
            {
              "title": "seleciona um arquivo da pasta fixtures",
              "fullTitle": "Central de Atendimento ao Cliente TAT seleciona um arquivo da pasta fixtures",
              "timedOut": null,
              "duration": 442,
              "state": "passed",
              "speed": "fast",
              "pass": true,
              "fail": false,
              "pending": false,
              "context": null,
              "code": "cy.get('input[type=\"file\"]').should('not.have.value').selectFile('./cypress/fixtures/example.json')\n//.should(function($input) {\n//expect($input[0].files[0].name).to.equal('example.json')\n.get('botton,[type=\"submit\"]').click().get('.error').should('be.visible');\n//})",
              "err": {},
              "uuid": "0b602b34-1edd-46ab-9f76-95e371fa9b27",
              "parentUUID": "729b3d6e-d4a8-4d0d-b28b-a3ea2d559f57",
              "isHook": false,
              "skipped": false
            },
            {
              "title": "verifica que a política de privacidade abre em outra aba sem a necessidade de um clique",
              "fullTitle": "Central de Atendimento ao Cliente TAT verifica que a política de privacidade abre em outra aba sem a necessidade de um clique",
              "timedOut": null,
              "duration": 691,
              "state": "passed",
              "speed": "fast",
              "pass": true,
              "fail": false,
              "pending": false,
              "context": null,
              "code": "cy.get('#privacy').get('#privacy a').should('have.attr', 'target', '_blank').get('#privacy a').invoke('removeAttr', 'target').click().title().should('be.equal', 'Central de Atendimento ao Cliente TAT - Política de privacidade');\n//.screenshot()\n//.get('#title')\ncy.contains('CAC TAT - Política de privacidade').should('be.visible');",
              "err": {},
              "uuid": "1ea386b0-73d0-4e27-ac8a-8f552bb83184",
              "parentUUID": "729b3d6e-d4a8-4d0d-b28b-a3ea2d559f57",
              "isHook": false,
              "skipped": false
            }
          ],
          "suites": [],
          "passes": [
            "6900063c-56c1-44f9-b686-598255712fc0",
            "49044efa-27ff-4c7f-9726-2c969946b848",
            "81d4e05c-5f60-4849-9523-fcd57d80f9ec",
            "df53bfc0-2fc1-4309-879c-6243b0a55d9a",
            "b1e9dc04-894f-4dae-bd69-fb3b92ba4ca8",
            "27aeed4d-42af-45ce-95a6-a68a384df463",
            "e2627ce2-e23d-4974-9431-1cece684dc80",
            "64c9b72c-b3b1-4e12-870e-ac44cb4ebd47",
            "0b602b34-1edd-46ab-9f76-95e371fa9b27",
            "1ea386b0-73d0-4e27-ac8a-8f552bb83184"
          ],
          "failures": [],
          "pending": [],
          "skipped": [],
          "duration": 11734,
          "root": false,
          "rootEmpty": false,
          "_timeout": 2000
        }
      ],
      "passes": [],
      "failures": [],
      "pending": [],
      "skipped": [],
      "duration": 0,
      "root": true,
      "rootEmpty": true,
      "_timeout": 2000
    }
  ],
  "meta": {
    "mocha": {
      "version": "7.0.1"
    },
    "mochawesome": {
      "options": {
        "quiet": true,
        "reportFilename": "mochawesome",
        "saveHtml": false,
        "saveJson": true,
        "consoleReporter": "spec",
        "useInlineDiffs": false,
        "code": true
      },
      "version": "7.1.3"
    },
    "marge": {
      "options": {
        "id": "default",
        "reportDir": "mochawesome-report",
        "quiet": true,
        "overwrite": false,
        "html": false,
        "json": true
      },
      "version": "6.2.0"
    }
  }
}